<?xml version="1.0" encoding="UTF-8"?>
<!-- Generated by org.testng.reporters.JUnitReportReporter -->
<testsuite hostname="LAPTOP-DI0Q8O11" failures="0" tests="1" name="com.MiWay.automationTestScript.AutomationScriptPayment1Test" time="3.247" errors="0" timestamp="2022-09-15T16:44:31 IST" skipped="0">
  <testcase classname="com.MiWay.automationTestScript.AutomationScriptPayment1Test" name="paymen1" time="3.247"/>
  <system-out>
    <![CDATA[passed: payment record increased successfully]]>
  </system-out>
</testsuite> <!-- com.MiWay.automationTestScript.AutomationScriptPayment1Test -->
